execve("./fifo1", ["./fifo1", "f1"], [/* 93 vars */]) = 0
brk(0)                                  = 0x804b000
mmap2(NULL, 4096, PROT_READ|PROT_WRITE, MAP_PRIVATE|MAP_ANONYMOUS, -1, 0) = 0xb784a000
access("/etc/ld.so.preload", R_OK)      = -1 ENOENT (No such file or directory)
open("/opt/rz/intel/Compiler/11.1/059/lib/ia32/tls/i686/sse2/libm.so.6", O_RDONLY) = -1 ENOENT (No such file or directory)
stat64("/opt/rz/intel/Compiler/11.1/059/lib/ia32/tls/i686/sse2", 0xbf9d6814) = -1 ENOENT (No such file or directory)
open("/opt/rz/intel/Compiler/11.1/059/lib/ia32/tls/i686/libm.so.6", O_RDONLY) = -1 ENOENT (No such file or directory)
stat64("/opt/rz/intel/Compiler/11.1/059/lib/ia32/tls/i686", 0xbf9d6814) = -1 ENOENT (No such file or directory)
open("/opt/rz/intel/Compiler/11.1/059/lib/ia32/tls/sse2/libm.so.6", O_RDONLY) = -1 ENOENT (No such file or directory)
stat64("/opt/rz/intel/Compiler/11.1/059/lib/ia32/tls/sse2", 0xbf9d6814) = -1 ENOENT (No such file or directory)
open("/opt/rz/intel/Compiler/11.1/059/lib/ia32/tls/libm.so.6", O_RDONLY) = -1 ENOENT (No such file or directory)
stat64("/opt/rz/intel/Compiler/11.1/059/lib/ia32/tls", 0xbf9d6814) = -1 ENOENT (No such file or directory)
open("/opt/rz/intel/Compiler/11.1/059/lib/ia32/i686/sse2/libm.so.6", O_RDONLY) = -1 ENOENT (No such file or directory)
stat64("/opt/rz/intel/Compiler/11.1/059/lib/ia32/i686/sse2", 0xbf9d6814) = -1 ENOENT (No such file or directory)
open("/opt/rz/intel/Compiler/11.1/059/lib/ia32/i686/libm.so.6", O_RDONLY) = -1 ENOENT (No such file or directory)
stat64("/opt/rz/intel/Compiler/11.1/059/lib/ia32/i686", 0xbf9d6814) = -1 ENOENT (No such file or directory)
open("/opt/rz/intel/Compiler/11.1/059/lib/ia32/sse2/libm.so.6", O_RDONLY) = -1 ENOENT (No such file or directory)
stat64("/opt/rz/intel/Compiler/11.1/059/lib/ia32/sse2", 0xbf9d6814) = -1 ENOENT (No such file or directory)
open("/opt/rz/intel/Compiler/11.1/059/lib/ia32/libm.so.6", O_RDONLY) = -1 ENOENT (No such file or directory)
stat64("/opt/rz/intel/Compiler/11.1/059/lib/ia32", {st_mode=S_IFDIR|0755, st_size=4096, ...}) = 0
open("/usr/lib/mpi/gcc/openmpi/lib/tls/i686/sse2/libm.so.6", O_RDONLY) = -1 ENOENT (No such file or directory)
stat64("/usr/lib/mpi/gcc/openmpi/lib/tls/i686/sse2", 0xbf9d6814) = -1 ENOENT (No such file or directory)
open("/usr/lib/mpi/gcc/openmpi/lib/tls/i686/libm.so.6", O_RDONLY) = -1 ENOENT (No such file or directory)
stat64("/usr/lib/mpi/gcc/openmpi/lib/tls/i686", 0xbf9d6814) = -1 ENOENT (No such file or directory)
open("/usr/lib/mpi/gcc/openmpi/lib/tls/sse2/libm.so.6", O_RDONLY) = -1 ENOENT (No such file or directory)
stat64("/usr/lib/mpi/gcc/openmpi/lib/tls/sse2", 0xbf9d6814) = -1 ENOENT (No such file or directory)
open("/usr/lib/mpi/gcc/openmpi/lib/tls/libm.so.6", O_RDONLY) = -1 ENOENT (No such file or directory)
stat64("/usr/lib/mpi/gcc/openmpi/lib/tls", 0xbf9d6814) = -1 ENOENT (No such file or directory)
open("/usr/lib/mpi/gcc/openmpi/lib/i686/sse2/libm.so.6", O_RDONLY) = -1 ENOENT (No such file or directory)
stat64("/usr/lib/mpi/gcc/openmpi/lib/i686/sse2", 0xbf9d6814) = -1 ENOENT (No such file or directory)
open("/usr/lib/mpi/gcc/openmpi/lib/i686/libm.so.6", O_RDONLY) = -1 ENOENT (No such file or directory)
stat64("/usr/lib/mpi/gcc/openmpi/lib/i686", 0xbf9d6814) = -1 ENOENT (No such file or directory)
open("/usr/lib/mpi/gcc/openmpi/lib/sse2/libm.so.6", O_RDONLY) = -1 ENOENT (No such file or directory)
stat64("/usr/lib/mpi/gcc/openmpi/lib/sse2", 0xbf9d6814) = -1 ENOENT (No such file or directory)
open("/usr/lib/mpi/gcc/openmpi/lib/libm.so.6", O_RDONLY) = -1 ENOENT (No such file or directory)
stat64("/usr/lib/mpi/gcc/openmpi/lib", {st_mode=S_IFDIR|0755, st_size=4096, ...}) = 0
open("lib/tls/i686/sse2/libm.so.6", O_RDONLY) = -1 ENOENT (No such file or directory)
open("lib/tls/i686/libm.so.6", O_RDONLY) = -1 ENOENT (No such file or directory)
open("lib/tls/sse2/libm.so.6", O_RDONLY) = -1 ENOENT (No such file or directory)
open("lib/tls/libm.so.6", O_RDONLY)     = -1 ENOENT (No such file or directory)
open("lib/i686/sse2/libm.so.6", O_RDONLY) = -1 ENOENT (No such file or directory)
open("lib/i686/libm.so.6", O_RDONLY)    = -1 ENOENT (No such file or directory)
open("lib/sse2/libm.so.6", O_RDONLY)    = -1 ENOENT (No such file or directory)
open("lib/libm.so.6", O_RDONLY)         = -1 ENOENT (No such file or directory)
open("/etc/ld.so.cache", O_RDONLY)      = 3
fstat64(3, {st_mode=S_IFREG|0644, st_size=163357, ...}) = 0
mmap2(NULL, 163357, PROT_READ, MAP_PRIVATE, 3, 0) = 0xb7822000
close(3)                                = 0
open("/lib/libm.so.6", O_RDONLY)        = 3
read(3, "\177ELF\1\1\1\0\0\0\0\0\0\0\0\0\3\0\3\0\1\0\0\0p4\0\0004\0\0\0"..., 512) = 512
fstat64(3, {st_mode=S_IFREG|0755, st_size=165924, ...}) = 0
mmap2(NULL, 163968, PROT_READ|PROT_EXEC, MAP_PRIVATE|MAP_DENYWRITE, 3, 0) = 0xb77f9000
fadvise64(3, 0, 163968, POSIX_FADV_WILLNEED) = 0
mmap2(0xb7820000, 8192, PROT_READ|PROT_WRITE, MAP_PRIVATE|MAP_FIXED|MAP_DENYWRITE, 3, 0x27) = 0xb7820000
close(3)                                = 0
open("/opt/rz/intel/Compiler/11.1/059/lib/ia32/libc.so.6", O_RDONLY) = -1 ENOENT (No such file or directory)
open("/usr/lib/mpi/gcc/openmpi/lib/libc.so.6", O_RDONLY) = -1 ENOENT (No such file or directory)
open("lib/tls/i686/sse2/libc.so.6", O_RDONLY) = -1 ENOENT (No such file or directory)
open("lib/tls/i686/libc.so.6", O_RDONLY) = -1 ENOENT (No such file or directory)
open("lib/tls/sse2/libc.so.6", O_RDONLY) = -1 ENOENT (No such file or directory)
open("lib/tls/libc.so.6", O_RDONLY)     = -1 ENOENT (No such file or directory)
open("lib/i686/sse2/libc.so.6", O_RDONLY) = -1 ENOENT (No such file or directory)
open("lib/i686/libc.so.6", O_RDONLY)    = -1 ENOENT (No such file or directory)
open("lib/sse2/libc.so.6", O_RDONLY)    = -1 ENOENT (No such file or directory)
open("lib/libc.so.6", O_RDONLY)         = -1 ENOENT (No such file or directory)
open("/lib/libc.so.6", O_RDONLY)        = 3
read(3, "\177ELF\1\1\1\0\0\0\0\0\0\0\0\0\3\0\3\0\1\0\0\0 l\1\0004\0\0\0"..., 512) = 512
fstat64(3, {st_mode=S_IFREG|0755, st_size=1430104, ...}) = 0
mmap2(NULL, 1440072, PROT_READ|PROT_EXEC, MAP_PRIVATE|MAP_DENYWRITE, 3, 0) = 0xb7699000
fadvise64(3, 0, 1440072, POSIX_FADV_WILLNEED) = 0
mprotect(0xb77f2000, 4096, PROT_NONE)   = 0
mmap2(0xb77f3000, 12288, PROT_READ|PROT_WRITE, MAP_PRIVATE|MAP_FIXED|MAP_DENYWRITE, 3, 0x159) = 0xb77f3000
mmap2(0xb77f6000, 10568, PROT_READ|PROT_WRITE, MAP_PRIVATE|MAP_FIXED|MAP_ANONYMOUS, -1, 0) = 0xb77f6000
close(3)                                = 0
mmap2(NULL, 4096, PROT_READ|PROT_WRITE, MAP_PRIVATE|MAP_ANONYMOUS, -1, 0) = 0xb7698000
set_thread_area({entry_number:-1 -> 6, base_addr:0xb76986c0, limit:1048575, seg_32bit:1, contents:0, read_exec_only:0, limit_in_pages:1, seg_not_present:0, useable:1}) = 0
mprotect(0xb77f3000, 8192, PROT_READ)   = 0
mprotect(0xb7820000, 4096, PROT_READ)   = 0
mprotect(0x8049000, 4096, PROT_READ)    = 0
mprotect(0xb7869000, 4096, PROT_READ)   = 0
munmap(0xb7822000, 163357)              = 0
umask(0)                                = 077
mknod("f1", S_IFIFO|0666)               = 0
fstat64(1, {st_mode=S_IFCHR|0600, st_rdev=makedev(136, 1), ...}) = 0
mmap2(NULL, 4096, PROT_READ|PROT_WRITE, MAP_PRIVATE|MAP_ANONYMOUS, -1, 0) = 0xb7849000
write(1, "\303\226ffnen der FIFO f1\n", 20) = 20
open("f1", O_RDONLY)                    = 3
read(3, "f", 1)                         = 1
read(3, "2", 1)                         = 1
read(3, "\n", 1)                        = 1
write(1, "\303\226ffnen der FIFO f2\n", 20) = 20
open("f2", O_WRONLY)                    = 4
write(1, "Lesen aus der FIFO\n", 19)    = 19
read(0, "h", 1)                         = 1
read(0, "a", 1)                         = 1
read(0, "l", 1)                         = 1
read(0, "l", 1)                         = 1
read(0, "o", 1)                         = 1
read(0, "\n", 1)                        = 1
write(4, "hallo\n", 6)                  = 6
read(3, "h", 1)                         = 1
read(3, "a", 1)                         = 1
read(3, "l", 1)                         = 1
read(3, "l", 1)                         = 1
read(3, "o", 1)                         = 1
read(3, "\n", 1)                        = 1
write(1, "hallo\n", 6)                  = 6
read(0, "a", 1)                         = 1
read(0, "\n", 1)                        = 1
write(4, "a\n", 2)                      = 2
read(3, "\n", 1)                        = 1
write(1, "\n", 1)                       = 1
read(0, 0xbf9d6d84, 1)                  = ? ERESTARTSYS (To be restarted)
--- SIGINT (Interrupt) @ 0 (0) ---
+++ killed by SIGINT +++
